app/build/outputs/logs/manifest-merger-debug-report.txt
-- Merging decision tree log ---
manifest
ADDED from src\main\AndroidManifest.xml:2:1-103:12
	package
		ADDED from src\main\AndroidManifest.xml:3:5-39
		INJECTED from src\main\AndroidManifest.xml
		INJECTED from src\main\AndroidManifest.xml
	android:versionName
		ADDED from src\main\AndroidManifest.xml:5:5-30
		INJECTED from src\main\AndroidManifest.xml
		INJECTED from src\main\AndroidManifest.xml
	android:versionCode
		ADDED from src\main\AndroidManifest.xml:4:5-28
		INJECTED from src\main\AndroidManifest.xml
		INJECTED from src\main\AndroidManifest.xml
	xmlns:android
		ADDED from src\main\AndroidManifest.xml:2:11-69
uses-sdk
ADDED from src\main\AndroidManifest.xml:7:5-10:38
MERGED from [com.android.support:appcompat-v7:19.1.0] AndroidManifest.xml:18:5-42
	android:maxSdkVersion
		ADDED from src\main\AndroidManifest.xml:10:9-35
	android:targetSdkVersion
		ADDED from src\main\AndroidManifest.xml:9:9-39
		INJECTED from src\main\AndroidManifest.xml
		INJECTED from src\main\AndroidManifest.xml
	android:minSdkVersion
		ADDED from src\main\AndroidManifest.xml:8:9-34
		INJECTED from src\main\AndroidManifest.xml
		INJECTED from src\main\AndroidManifest.xml
uses-permission#android.permission.INTERNET
ADDED from src\main\AndroidManifest.xml:12:5-67
	android:name
		ADDED from src\main\AndroidManifest.xml:12:22-64
uses-permission#android.permission.CALL_PHONE
ADDED from src\main\AndroidManifest.xml:13:5-69
	android:name
		ADDED from src\main\AndroidManifest.xml:13:22-66
uses-permission#android.permission.ACCESS_FINE_LOCATION
ADDED from src\main\AndroidManifest.xml:14:2-76
	android:name
		ADDED from src\main\AndroidManifest.xml:14:19-73
uses-permission#android.permission.ACCESS_COARSE_LOCATION
ADDED from src\main\AndroidManifest.xml:15:2-78
	android:name
		ADDED from src\main\AndroidManifest.xml:15:19-75
uses-permission#android.permission.CAMERA
ADDED from src\main\AndroidManifest.xml:16:2-62
	android:name
		ADDED from src\main\AndroidManifest.xml:16:19-59
uses-permission#android.permission.VIBRATE
ADDED from src\main\AndroidManifest.xml:17:2-62
	android:name
		ADDED from src\main\AndroidManifest.xml:17:19-60
uses-permission#android.permission.FLASHLIGHT
ADDED from src\main\AndroidManifest.xml:18:2-65
	android:name
		ADDED from src\main\AndroidManifest.xml:18:19-63
uses-permission#android.permission.READ_CONTACTS
ADDED from src\main\AndroidManifest.xml:19:2-68
	android:name
		ADDED from src\main\AndroidManifest.xml:19:19-66
uses-permission#android.permission.WRITE_EXTERNAL_STORAGE
ADDED from src\main\AndroidManifest.xml:20:2-77
	android:name
		ADDED from src\main\AndroidManifest.xml:20:19-75
uses-permission#android.permission.CHANGE_WIFI_STATE
ADDED from src\main\AndroidManifest.xml:21:2-72
	android:name
		ADDED from src\main\AndroidManifest.xml:21:19-70
uses-permission#android.permission.ACCESS_WIFI_STATE
ADDED from src\main\AndroidManifest.xml:22:2-72
	android:name
		ADDED from src\main\AndroidManifest.xml:22:19-70
application
ADDED from src\main\AndroidManifest.xml:25:5-101:19
MERGED from [com.android.support:appcompat-v7:19.1.0] AndroidManifest.xml:19:5-20
	android:label
		ADDED from src\main\AndroidManifest.xml:29:9-41
	android:allowBackup
		ADDED from src\main\AndroidManifest.xml:27:9-35
	android:icon
		ADDED from src\main\AndroidManifest.xml:28:9-45
	android:theme
		ADDED from src\main\AndroidManifest.xml:30:9-67
	android:name
		ADDED from src\main\AndroidManifest.xml:26:9-68
activity#ar.com.syswork.sysmobile.psplash.ActivitySplash
ADDED from src\main\AndroidManifest.xml:32:9-40:20
	android:label
		ADDED from src\main\AndroidManifest.xml:34:13-45
	android:name
		ADDED from src\main\AndroidManifest.xml:33:13-75
intent-filter#android.intent.action.MAIN+android.intent.category.LAUNCHER
ADDED from src\main\AndroidManifest.xml:35:13-39:29
action#android.intent.action.MAIN
ADDED from src\main\AndroidManifest.xml:36:17-69
	android:name
		ADDED from src\main\AndroidManifest.xml:36:25-66
category#android.intent.category.LAUNCHER
ADDED from src\main\AndroidManifest.xml:38:17-77
	android:name
		ADDED from src\main\AndroidManifest.xml:38:27-74
activity#ar.com.syswork.sysmobile.plogin.ActivityLogin
ADDED from src\main\AndroidManifest.xml:42:9-47:20
	android:label
		ADDED from src\main\AndroidManifest.xml:45:13-45
	android:windowSoftInputMode
		ADDED from src\main\AndroidManifest.xml:46:13-68
	android:configChanges
		ADDED from src\main\AndroidManifest.xml:44:13-59
	android:name
		ADDED from src\main\AndroidManifest.xml:43:13-73
activity#ar.com.syswork.sysmobile.pmenuprincipal.ActivityMenuPrincipal
ADDED from src\main\AndroidManifest.xml:49:9-53:20
	android:label
		ADDED from src\main\AndroidManifest.xml:52:13-76
	android:configChanges
		ADDED from src\main\AndroidManifest.xml:51:13-59
	android:name
		ADDED from src\main\AndroidManifest.xml:50:13-89
activity#ar.com.syswork.sysmobile.pconfig.ActivityConfig
ADDED from src\main\AndroidManifest.xml:55:9-58:20
	android:label
		ADDED from src\main\AndroidManifest.xml:57:13-67
	android:name
		ADDED from src\main\AndroidManifest.xml:56:13-75
activity#ar.com.syswork.sysmobile.pconsultaclientes.ActivityConsultaClientes
ADDED from src\main\AndroidManifest.xml:60:9-64:20
	android:label
		ADDED from src\main\AndroidManifest.xml:63:13-78
	android:configChanges
		ADDED from src\main\AndroidManifest.xml:62:13-59
	android:name
		ADDED from src\main\AndroidManifest.xml:61:13-95
activity#ar.com.syswork.sysmobile.pconsultagenerica.detalle.ActivityConsultaGenericaDetalle
ADDED from src\main\AndroidManifest.xml:65:9-69:20
	android:label
		ADDED from src\main\AndroidManifest.xml:68:13-85
	android:configChanges
		ADDED from src\main\AndroidManifest.xml:67:13-59
	android:name
		ADDED from src\main\AndroidManifest.xml:66:13-110
activity#ar.com.syswork.sysmobile.pconsultaarticulos.ActivityConsultaArticulos
ADDED from src\main\AndroidManifest.xml:70:9-74:20
	android:label
		ADDED from src\main\AndroidManifest.xml:73:13-79
	android:configChanges
		ADDED from src\main\AndroidManifest.xml:72:13-59
	android:name
		ADDED from src\main\AndroidManifest.xml:71:13-97
activity#ar.com.syswork.sysmobile.pcargapedidos.ActivityCargaPedidos
ADDED from src\main\AndroidManifest.xml:75:9-79:20
	android:label
		ADDED from src\main\AndroidManifest.xml:78:13-73
	android:configChanges
		ADDED from src\main\AndroidManifest.xml:77:13-59
	android:name
		ADDED from src\main\AndroidManifest.xml:76:13-87
activity#ar.com.syswork.sysmobile.plistapedidos.ActivityListaPedidos
ADDED from src\main\AndroidManifest.xml:80:9-83:20
	android:label
		ADDED from src\main\AndroidManifest.xml:82:13-74
	android:name
		ADDED from src\main\AndroidManifest.xml:81:13-87
activity#ar.com.syswork.sysmobile.psincronizar.ActivitySincronizar
ADDED from src\main\AndroidManifest.xml:84:9-87:20
	android:label
		ADDED from src\main\AndroidManifest.xml:86:13-72
	android:name
		ADDED from src\main\AndroidManifest.xml:85:13-85
activity#ar.com.syswork.sysmobile.penviapendientes.ActivityEnviaPendientes
ADDED from src\main\AndroidManifest.xml:88:9-91:20
	android:label
		ADDED from src\main\AndroidManifest.xml:90:13-77
	android:name
		ADDED from src\main\AndroidManifest.xml:89:13-93
activity#ar.com.syswork.sysmobile.pconsultactacte.ActivityConsultaCtaCte
ADDED from src\main\AndroidManifest.xml:92:9-95:20
	android:label
		ADDED from src\main\AndroidManifest.xml:94:13-77
	android:name
		ADDED from src\main\AndroidManifest.xml:93:13-91
activity#ar.com.syswork.sysmobile.pconsultastock.ActivityConsultaStock
ADDED from src\main\AndroidManifest.xml:96:9-99:20
	android:label
		ADDED from src\main\AndroidManifest.xml:98:13-75
	android:name
		ADDED from src\main\AndroidManifest.xml:97:13-89